0 info it worked if it ends with ok
1 verbose cli [ 'C:\\Program Files (x86)\\nodejs\\node.exe',
1 verbose cli   'C:\\Users\\critc\\AppData\\Roaming\\npm\\node_modules\\npm\\bin\\npm-cli.js',
1 verbose cli   'publish' ]
2 info using npm@3.9.3
3 info using node@v6.2.2
4 verbose publish [ '.' ]
5 silly cache add args [ '.', null ]
6 verbose cache add spec .
7 silly cache add parsed spec Result {
7 silly cache add   raw: '.',
7 silly cache add   scope: null,
7 silly cache add   name: null,
7 silly cache add   rawSpec: '.',
7 silly cache add   spec: 'C:\\Users\\critc\\Source\\quick-grid\\src\\ng-quick-grid',
7 silly cache add   type: 'directory' }
8 verbose addLocalDirectory C:\Users\critc\AppData\Roaming\npm-cache\ng-quick-grid\0.3.0\package.tgz not in flight; packing
9 verbose correctMkdir C:\Users\critc\AppData\Roaming\npm-cache correctMkdir not in flight; initializing
10 info lifecycle ng-quick-grid@0.3.0~prepublish: ng-quick-grid@0.3.0
11 silly lifecycle ng-quick-grid@0.3.0~prepublish: no script for prepublish, continuing
12 verbose tar pack [ 'C:\\Users\\critc\\AppData\\Roaming\\npm-cache\\ng-quick-grid\\0.3.0\\package.tgz',
12 verbose tar pack   'C:\\Users\\critc\\Source\\quick-grid\\src\\ng-quick-grid' ]
13 verbose tarball C:\Users\critc\AppData\Roaming\npm-cache\ng-quick-grid\0.3.0\package.tgz
14 verbose folder C:\Users\critc\Source\quick-grid\src\ng-quick-grid
15 verbose addLocalTarball adding from inside cache C:\Users\critc\AppData\Roaming\npm-cache\ng-quick-grid\0.3.0\package.tgz
16 verbose correctMkdir C:\Users\critc\AppData\Roaming\npm-cache correctMkdir not in flight; initializing
17 silly cache afterAdd ng-quick-grid@0.3.0
18 verbose afterAdd C:\Users\critc\AppData\Roaming\npm-cache\ng-quick-grid\0.3.0\package\package.json not in flight; writing
19 verbose correctMkdir C:\Users\critc\AppData\Roaming\npm-cache correctMkdir not in flight; initializing
20 verbose afterAdd C:\Users\critc\AppData\Roaming\npm-cache\ng-quick-grid\0.3.0\package\package.json written
21 silly publish { name: 'ng-quick-grid',
21 silly publish   version: '0.3.0',
21 silly publish   description: 'angular light weight grid',
21 silly publish   scripts: { test: 'echo "Error: no test specified" && exit 1' },
21 silly publish   files:
21 silly publish    [ 'ng-quick-grid.js',
21 silly publish      'ng-quick-grid.js.map',
21 silly publish      'ng-quick-grid.min.js',
21 silly publish      'ng-quick-grid.min.js.map' ],
21 silly publish   main: 'ng-quick-grid.min.js',
21 silly publish   author: { name: 'Sam Critchley' },
21 silly publish   license: 'ISC',
21 silly publish   devDependencies:
21 silly publish    { 'angular-mocks': '^1.5.8',
21 silly publish      'babel-core': '^6.14.0',
21 silly publish      'babel-loader': '^6.2.5',
21 silly publish      'babel-preset-es2015': '^6.14.0',
21 silly publish      del: '^2.2.0',
21 silly publish      'jasmine-core': '^2.5.2',
21 silly publish      jshint: '^2.9.1',
21 silly publish      'jshint-stylish': '^2.1.0',
21 silly publish      karma: '^1.3.0',
21 silly publish      'karma-jasmine': '^1.0.2',
21 silly publish      'karma-phantomjs-launcher': '^1.0.2',
21 silly publish      'karma-spec-reporter': '0.0.26',
21 silly publish      'karma-webpack': '^1.8.0',
21 silly publish      'phantomjs-prebuilt': '^2.1.4',
21 silly publish      'raw-loader': '^0.5.1',
21 silly publish      webpack: '^1.13.2',
21 silly publish      'webpack-notifier': '^1.4.1' },
21 silly publish   dependencies: { angular: '^1.5.8' },
21 silly publish   repository:
21 silly publish    { type: 'git',
21 silly publish      url: 'git+https://github.com/worldspawn/quick-grid.git' },
21 silly publish   homepage: 'http://worldspawn.github.io/quick-grid/',
21 silly publish   readme: '# Quick Grid\r\n\r\nDocumentation is here - http://worldspawn.github.io/quick-grid/',
21 silly publish   readmeFilename: 'README.md',
21 silly publish   bugs: { url: 'https://github.com/worldspawn/quick-grid/issues' },
21 silly publish   _id: 'ng-quick-grid@0.3.0',
21 silly publish   _shasum: '04eab3d44cec10af7425df511689a10d3aa4c7f5',
21 silly publish   _from: '.' }
22 verbose getPublishConfig undefined
23 silly mapToRegistry name ng-quick-grid
24 silly mapToRegistry using default registry
25 silly mapToRegistry registry https://registry.npmjs.org/
26 silly mapToRegistry data Result {
26 silly mapToRegistry   raw: 'ng-quick-grid',
26 silly mapToRegistry   scope: null,
26 silly mapToRegistry   name: 'ng-quick-grid',
26 silly mapToRegistry   rawSpec: '',
26 silly mapToRegistry   spec: 'latest',
26 silly mapToRegistry   type: 'tag' }
27 silly mapToRegistry uri https://registry.npmjs.org/ng-quick-grid
28 verbose publish registryBase https://registry.npmjs.org/
29 silly publish uploading C:\Users\critc\AppData\Roaming\npm-cache\ng-quick-grid\0.3.0\package.tgz
30 verbose request uri https://registry.npmjs.org/ng-quick-grid
31 verbose request sending authorization for write operation
32 info attempt registry request try #1 at 4:30:59 PM
33 verbose request using bearer token for auth
34 verbose request id 464fede83f6d7f51
35 http request PUT https://registry.npmjs.org/ng-quick-grid
36 http 403 https://registry.npmjs.org/ng-quick-grid
37 verbose headers { 'content-type': 'application/json',
37 verbose headers   'cache-control': 'max-age=300',
37 verbose headers   'content-length': '95',
37 verbose headers   'accept-ranges': 'bytes',
37 verbose headers   date: 'Wed, 28 Sep 2016 06:31:03 GMT',
37 verbose headers   via: '1.1 varnish',
37 verbose headers   connection: 'keep-alive',
37 verbose headers   'x-served-by': 'cache-mel6521-MEL',
37 verbose headers   'x-cache': 'MISS',
37 verbose headers   'x-cache-hits': '0',
37 verbose headers   'x-timer': 'S1475044263.134019,VS0,VE785',
37 verbose headers   vary: 'Accept-Encoding' }
38 verbose request invalidating C:\Users\critc\AppData\Roaming\npm-cache\registry.npmjs.org\ng-quick-grid on PUT
39 error publish Failed PUT 403
40 verbose stack Error: "You cannot publish over the previously published version 0.3.0." : ng-quick-grid
40 verbose stack     at makeError (C:\Users\critc\AppData\Roaming\npm\node_modules\npm\node_modules\npm-registry-client\lib\request.js:264:12)
40 verbose stack     at CachingRegistryClient.<anonymous> (C:\Users\critc\AppData\Roaming\npm\node_modules\npm\node_modules\npm-registry-client\lib\request.js:252:14)
40 verbose stack     at Request._callback (C:\Users\critc\AppData\Roaming\npm\node_modules\npm\node_modules\npm-registry-client\lib\request.js:172:14)
40 verbose stack     at Request.self.callback (C:\Users\critc\AppData\Roaming\npm\node_modules\npm\node_modules\request\request.js:200:22)
40 verbose stack     at emitTwo (events.js:106:13)
40 verbose stack     at Request.emit (events.js:191:7)
40 verbose stack     at Request.<anonymous> (C:\Users\critc\AppData\Roaming\npm\node_modules\npm\node_modules\request\request.js:1067:10)
40 verbose stack     at emitOne (events.js:101:20)
40 verbose stack     at Request.emit (events.js:188:7)
40 verbose stack     at IncomingMessage.<anonymous> (C:\Users\critc\AppData\Roaming\npm\node_modules\npm\node_modules\request\request.js:988:12)
41 verbose statusCode 403
42 verbose pkgid ng-quick-grid
43 verbose cwd C:\Users\critc\Source\quick-grid\src\ng-quick-grid
44 error Windows_NT 10.0.14393
45 error argv "C:\\Program Files (x86)\\nodejs\\node.exe" "C:\\Users\\critc\\AppData\\Roaming\\npm\\node_modules\\npm\\bin\\npm-cli.js" "publish"
46 error node v6.2.2
47 error npm  v3.9.3
48 error code E403
49 error "You cannot publish over the previously published version 0.3.0." : ng-quick-grid
50 error If you need help, you may report this error at:
50 error     <https://github.com/npm/npm/issues>
51 verbose exit [ 1, true ]
